============================================================================================== 
Warning! Mixing Conda and module environments may lead to corruption of the
user environment. 
We do not recommend users mixing those two environments unless absolutely
necessary. Note that 
SURF does not provide any support for Conda environment.
For more information, please refer to our software policy page:
https://servicedesk.surf.nl/wiki/display/WIKI/Software+policy+Snellius#SoftwarepolicySnellius-UseofAnacondaandMinicondaenvironmentsonSnellius 

Remember that many packages have already been installed on the system and can
be loaded using 
the 'module load <package__name>' command. If you are uncertain if a package is
already available 
on the system, please use 'module avail' or 'module spider' to search for it.
============================================================================================== 
Channels:
 - anaconda
 - pytorch
 - dglteam/label/cu118
 - nvidia
 - defaults
Platform: linux-64
Collecting package metadata (repodata.json): ...working... done
Solving environment: ...working... done

Downloading and Extracting Packages: ...working... done
Preparing transaction: ...working... done
Verifying transaction: ...working... failed

CondaVerificationError: The package for pytorch located at /home/scur1700/.conda/pkgs/pytorch-2.1.0-py3.11_cuda11.8_cudnn8.7.0_0
appears to be corrupted. The path 'lib/python3.11/site-packages/torch-2.1.0-py3.11.egg-info/SOURCES.txt'
specified in the package manifest cannot be found.

CondaVerificationError: The package for pytorch located at /home/scur1700/.conda/pkgs/pytorch-2.1.0-py3.11_cuda11.8_cudnn8.7.0_0
appears to be corrupted. The path 'lib/python3.11/site-packages/torch-2.1.0-py3.11.egg-info/dependency_links.txt'
specified in the package manifest cannot be found.

CondaVerificationError: The package for pytorch located at /home/scur1700/.conda/pkgs/pytorch-2.1.0-py3.11_cuda11.8_cudnn8.7.0_0
appears to be corrupted. The path 'lib/python3.11/site-packages/torch-2.1.0-py3.11.egg-info/entry_points.txt'
specified in the package manifest cannot be found.

CondaVerificationError: The package for pytorch located at /home/scur1700/.conda/pkgs/pytorch-2.1.0-py3.11_cuda11.8_cudnn8.7.0_0
appears to be corrupted. The path 'lib/python3.11/site-packages/torch-2.1.0-py3.11.egg-info/requires.txt'
specified in the package manifest cannot be found.

CondaVerificationError: The package for pytorch located at /home/scur1700/.conda/pkgs/pytorch-2.1.0-py3.11_cuda11.8_cudnn8.7.0_0
appears to be corrupted. The path 'lib/python3.11/site-packages/torch-2.1.0-py3.11.egg-info/top_level.txt'
specified in the package manifest cannot be found.

CondaVerificationError: The package for pytorch located at /home/scur1700/.conda/pkgs/pytorch-2.1.0-py3.11_cuda11.8_cudnn8.7.0_0
appears to be corrupted. The path 'lib/python3.11/site-packages/torch/bin/nvfuser_tests'
specified in the package manifest cannot be found.

CondaVerificationError: The package for pytorch located at /home/scur1700/.conda/pkgs/pytorch-2.1.0-py3.11_cuda11.8_cudnn8.7.0_0
appears to be corrupted. The path 'lib/python3.11/site-packages/torch/bin/protoc'
specified in the package manifest cannot be found.

CondaVerificationError: The package for pytorch located at /home/scur1700/.conda/pkgs/pytorch-2.1.0-py3.11_cuda11.8_cudnn8.7.0_0
appears to be corrupted. The path 'lib/python3.11/site-packages/torch/bin/torch_shm_manager'
specified in the package manifest cannot be found.

CondaVerificationError: The package for pytorch located at /home/scur1700/.conda/pkgs/pytorch-2.1.0-py3.11_cuda11.8_cudnn8.7.0_0
appears to be corrupted. The path 'lib/python3.11/site-packages/torch/include/torch/csrc/distributed/c10d/Backend.hpp'
specified in the package manifest cannot be found.

CondaVerificationError: The package for pytorch located at /home/scur1700/.conda/pkgs/pytorch-2.1.0-py3.11_cuda11.8_cudnn8.7.0_0
appears to be corrupted. The path 'lib/python3.11/site-packages/torch/include/torch/csrc/distributed/c10d/FileStore.hpp'
specified in the package manifest cannot be found.

CondaVerificationError: The package for pytorch located at /home/scur1700/.conda/pkgs/pytorch-2.1.0-py3.11_cuda11.8_cudnn8.7.0_0
appears to be corrupted. The path 'lib/python3.11/site-packages/torch/include/torch/csrc/distributed/c10d/GlooDeviceFactory.hpp'
specified in the package manifest cannot be found.

CondaVerificationError: The package for pytorch located at /home/scur1700/.conda/pkgs/pytorch-2.1.0-py3.11_cuda11.8_cudnn8.7.0_0
appears to be corrupted. The path 'lib/python3.11/site-packages/torch/include/torch/csrc/distributed/c10d/HashStore.hpp'
specified in the package manifest cannot be found.

CondaVerificationError: The package for pytorch located at /home/scur1700/.conda/pkgs/pytorch-2.1.0-py3.11_cuda11.8_cudnn8.7.0_0
appears to be corrupted. The path 'lib/python3.11/site-packages/torch/include/torch/csrc/distributed/c10d/NCCLUtils.hpp'
specified in the package manifest cannot be found.

CondaVerificationError: The package for pytorch located at /home/scur1700/.conda/pkgs/pytorch-2.1.0-py3.11_cuda11.8_cudnn8.7.0_0
appears to be corrupted. The path 'lib/python3.11/site-packages/torch/include/torch/csrc/distributed/c10d/ParamCommsUtils.hpp'
specified in the package manifest cannot be found.

CondaVerificationError: The package for pytorch located at /home/scur1700/.conda/pkgs/pytorch-2.1.0-py3.11_cuda11.8_cudnn8.7.0_0
appears to be corrupted. The path 'lib/python3.11/site-packages/torch/include/torch/csrc/distributed/c10d/PrefixStore.hpp'
specified in the package manifest cannot be found.

CondaVerificationError: The package for pytorch located at /home/scur1700/.conda/pkgs/pytorch-2.1.0-py3.11_cuda11.8_cudnn8.7.0_0
appears to be corrupted. The path 'lib/python3.11/site-packages/torch/include/torch/csrc/distributed/c10d/ProcessGroup.hpp'
specified in the package manifest cannot be found.

CondaVerificationError: The package for pytorch located at /home/scur1700/.conda/pkgs/pytorch-2.1.0-py3.11_cuda11.8_cudnn8.7.0_0
appears to be corrupted. The path 'lib/python3.11/site-packages/torch/include/torch/csrc/distributed/c10d/ProcessGroupGloo.hpp'
specified in the package manifest cannot be found.

CondaVerificationError: The package for pytorch located at /home/scur1700/.conda/pkgs/pytorch-2.1.0-py3.11_cuda11.8_cudnn8.7.0_0
appears to be corrupted. The path 'lib/python3.11/site-packages/torch/include/torch/csrc/distributed/c10d/ProcessGroupMPI.hpp'
specified in the package manifest cannot be found.

CondaVerificationError: The package for pytorch located at /home/scur1700/.conda/pkgs/pytorch-2.1.0-py3.11_cuda11.8_cudnn8.7.0_0
appears to be corrupted. The path 'lib/python3.11/site-packages/torch/include/torch/csrc/distributed/c10d/ProcessGroupNCCL.hpp'
specified in the package manifest cannot be found.

CondaVerificationError: The package for pytorch located at /home/scur1700/.conda/pkgs/pytorch-2.1.0-py3.11_cuda11.8_cudnn8.7.0_0
appears to be corrupted. The path 'lib/python3.11/site-packages/torch/include/torch/csrc/distributed/c10d/ProcessGroupRoundRobin.hpp'
specified in the package manifest cannot be found.

CondaVerificationError: The package for pytorch located at /home/scur1700/.conda/pkgs/pytorch-2.1.0-py3.11_cuda11.8_cudnn8.7.0_0
appears to be corrupted. The path 'lib/python3.11/site-packages/torch/include/torch/csrc/distributed/c10d/ProcessGroupUCC.hpp'
specified in the package manifest cannot be found.

CondaVerificationError: The package for pytorch located at /home/scur1700/.conda/pkgs/pytorch-2.1.0-py3.11_cuda11.8_cudnn8.7.0_0
appears to be corrupted. The path 'lib/python3.11/site-packages/torch/include/torch/csrc/distributed/c10d/ProcessGroupWrapper.hpp'
specified in the package manifest cannot be found.

CondaVerificationError: The package for pytorch located at /home/scur1700/.conda/pkgs/pytorch-2.1.0-py3.11_cuda11.8_cudnn8.7.0_0
appears to be corrupted. The path 'lib/python3.11/site-packages/torch/include/torch/csrc/distributed/c10d/PyProcessGroup.hpp'
specified in the package manifest cannot be found.

CondaVerificationError: The package for pytorch located at /home/scur1700/.conda/pkgs/pytorch-2.1.0-py3.11_cuda11.8_cudnn8.7.0_0
appears to be corrupted. The path 'lib/python3.11/site-packages/torch/include/torch/csrc/distributed/c10d/Store.hpp'
specified in the package manifest cannot be found.

CondaVerificationError: The package for pytorch located at /home/scur1700/.conda/pkgs/pytorch-2.1.0-py3.11_cuda11.8_cudnn8.7.0_0
appears to be corrupted. The path 'lib/python3.11/site-packages/torch/include/torch/csrc/distributed/c10d/TCPStore.hpp'
specified in the package manifest cannot be found.

CondaVerificationError: The package for pytorch located at /home/scur1700/.conda/pkgs/pytorch-2.1.0-py3.11_cuda11.8_cudnn8.7.0_0
appears to be corrupted. The path 'lib/python3.11/site-packages/torch/include/torch/csrc/distributed/c10d/TCPStoreBackend.hpp'
specified in the package manifest cannot be found.

CondaVerificationError: The package for pytorch located at /home/scur1700/.conda/pkgs/pytorch-2.1.0-py3.11_cuda11.8_cudnn8.7.0_0
appears to be corrupted. The path 'lib/python3.11/site-packages/torch/include/torch/csrc/distributed/c10d/Types.hpp'
specified in the package manifest cannot be found.

CondaVerificationError: The package for pytorch located at /home/scur1700/.conda/pkgs/pytorch-2.1.0-py3.11_cuda11.8_cudnn8.7.0_0
appears to be corrupted. The path 'lib/python3.11/site-packages/torch/include/torch/csrc/distributed/c10d/UCCForNCCL.hpp'
specified in the package manifest cannot be found.

CondaVerificationError: The package for pytorch located at /home/scur1700/.conda/pkgs/pytorch-2.1.0-py3.11_cuda11.8_cudnn8.7.0_0
appears to be corrupted. The path 'lib/python3.11/site-packages/torch/include/torch/csrc/distributed/c10d/UCCTracing.hpp'
specified in the package manifest cannot be found.

CondaVerificationError: The package for pytorch located at /home/scur1700/.conda/pkgs/pytorch-2.1.0-py3.11_cuda11.8_cudnn8.7.0_0
appears to be corrupted. The path 'lib/python3.11/site-packages/torch/include/torch/csrc/distributed/c10d/UCCUtils.hpp'
specified in the package manifest cannot be found.

CondaVerificationError: The package for pytorch located at /home/scur1700/.conda/pkgs/pytorch-2.1.0-py3.11_cuda11.8_cudnn8.7.0_0
appears to be corrupted. The path 'lib/python3.11/site-packages/torch/include/torch/csrc/distributed/c10d/UnixSockUtils.hpp'
specified in the package manifest cannot be found.

CondaVerificationError: The package for pytorch located at /home/scur1700/.conda/pkgs/pytorch-2.1.0-py3.11_cuda11.8_cudnn8.7.0_0
appears to be corrupted. The path 'lib/python3.11/site-packages/torch/include/torch/csrc/distributed/c10d/Utils.hpp'
specified in the package manifest cannot be found.

CondaVerificationError: The package for pytorch located at /home/scur1700/.conda/pkgs/pytorch-2.1.0-py3.11_cuda11.8_cudnn8.7.0_0
appears to be corrupted. The path 'lib/python3.11/site-packages/torch/include/torch/csrc/distributed/c10d/WinSockUtils.hpp'
specified in the package manifest cannot be found.

CondaVerificationError: The package for pytorch located at /home/scur1700/.conda/pkgs/pytorch-2.1.0-py3.11_cuda11.8_cudnn8.7.0_0
appears to be corrupted. The path 'lib/python3.11/site-packages/torch/include/torch/csrc/distributed/c10d/Work.hpp'
specified in the package manifest cannot be found.

CondaVerificationError: The package for pytorch located at /home/scur1700/.conda/pkgs/pytorch-2.1.0-py3.11_cuda11.8_cudnn8.7.0_0
appears to be corrupted. The path 'lib/python3.11/site-packages/torch/include/torch/csrc/distributed/c10d/comm.hpp'
specified in the package manifest cannot be found.

CondaVerificationError: The package for pytorch located at /home/scur1700/.conda/pkgs/pytorch-2.1.0-py3.11_cuda11.8_cudnn8.7.0_0
appears to be corrupted. The path 'lib/python3.11/site-packages/torch/include/torch/csrc/distributed/c10d/default_comm_hooks.hpp'
specified in the package manifest cannot be found.

CondaVerificationError: The package for pytorch located at /home/scur1700/.conda/pkgs/pytorch-2.1.0-py3.11_cuda11.8_cudnn8.7.0_0
appears to be corrupted. The path 'lib/python3.11/site-packages/torch/include/torch/csrc/distributed/c10d/logger.hpp'
specified in the package manifest cannot be found.

CondaVerificationError: The package for pytorch located at /home/scur1700/.conda/pkgs/pytorch-2.1.0-py3.11_cuda11.8_cudnn8.7.0_0
appears to be corrupted. The path 'lib/python3.11/site-packages/torch/include/torch/csrc/distributed/c10d/reducer.hpp'
specified in the package manifest cannot be found.

CondaVerificationError: The package for pytorch located at /home/scur1700/.conda/pkgs/pytorch-2.1.0-py3.11_cuda11.8_cudnn8.7.0_0
appears to be corrupted. The path 'lib/python3.11/site-packages/torch/include/torch/csrc/distributed/c10d/reducer_timer.hpp'
specified in the package manifest cannot be found.

CondaVerificationError: The package for pytorch located at /home/scur1700/.conda/pkgs/pytorch-2.1.0-py3.11_cuda11.8_cudnn8.7.0_0
appears to be corrupted. The path 'lib/python3.11/site-packages/torch/include/torch/csrc/distributed/c10d/sequence_num.hpp'
specified in the package manifest cannot be found.

CondaVerificationError: The package for pytorch located at /home/scur1700/.conda/pkgs/pytorch-2.1.0-py3.11_cuda11.8_cudnn8.7.0_0
appears to be corrupted. The path 'lib/python3.11/site-packages/torch/lib/libcudnn.so.8'
specified in the package manifest cannot be found.

CondaVerificationError: The package for pytorch located at /home/scur1700/.conda/pkgs/pytorch-2.1.0-py3.11_cuda11.8_cudnn8.7.0_0
appears to be corrupted. The path 'lib/python3.11/site-packages/torch/lib/libcudnn_adv_infer.so.8'
specified in the package manifest cannot be found.

CondaVerificationError: The package for pytorch located at /home/scur1700/.conda/pkgs/pytorch-2.1.0-py3.11_cuda11.8_cudnn8.7.0_0
appears to be corrupted. The path 'lib/python3.11/site-packages/torch/lib/libcudnn_adv_train.so.8'
specified in the package manifest cannot be found.

CondaVerificationError: The package for pytorch located at /home/scur1700/.conda/pkgs/pytorch-2.1.0-py3.11_cuda11.8_cudnn8.7.0_0
appears to be corrupted. The path 'lib/python3.11/site-packages/torch/lib/libcudnn_cnn_infer.so.8'
specified in the package manifest cannot be found.

CondaVerificationError: The package for pytorch located at /home/scur1700/.conda/pkgs/pytorch-2.1.0-py3.11_cuda11.8_cudnn8.7.0_0
appears to be corrupted. The path 'lib/python3.11/site-packages/torch/lib/libcudnn_cnn_train.so.8'
specified in the package manifest cannot be found.

CondaVerificationError: The package for pytorch located at /home/scur1700/.conda/pkgs/pytorch-2.1.0-py3.11_cuda11.8_cudnn8.7.0_0
appears to be corrupted. The path 'lib/python3.11/site-packages/torch/lib/libcudnn_ops_infer.so.8'
specified in the package manifest cannot be found.

CondaVerificationError: The package for pytorch located at /home/scur1700/.conda/pkgs/pytorch-2.1.0-py3.11_cuda11.8_cudnn8.7.0_0
appears to be corrupted. The path 'lib/python3.11/site-packages/torch/lib/libcudnn_ops_train.so.8'
specified in the package manifest cannot be found.

CondaVerificationError: The package for pytorch located at /home/scur1700/.conda/pkgs/pytorch-2.1.0-py3.11_cuda11.8_cudnn8.7.0_0
appears to be corrupted. The path 'lib/python3.11/site-packages/torch/lib/libcupti-ae79a72e.so.11.8'
specified in the package manifest cannot be found.

SafetyError: The package for pytorch located at /home/scur1700/.conda/pkgs/pytorch-2.1.0-py3.11_cuda11.8_cudnn8.7.0_0
appears to be corrupted. The path 'lib/python3.11/site-packages/torch/lib/libtorch_cuda.so'
has an incorrect size.
  reported size: 1312175912 bytes
  actual size: 612368384 bytes

CondaVerificationError: The package for pytorch located at /home/scur1700/.conda/pkgs/pytorch-2.1.0-py3.11_cuda11.8_cudnn8.7.0_0
appears to be corrupted. The path 'lib/python3.11/site-packages/torch/py.typed'
specified in the package manifest cannot be found.

CondaVerificationError: The package for pytorch located at /home/scur1700/.conda/pkgs/pytorch-2.1.0-py3.11_cuda11.8_cudnn8.7.0_0
appears to be corrupted. The path 'lib/python3.11/site-packages/torchgen/packaged/ATen/native/native_functions.yaml'
specified in the package manifest cannot be found.

CondaVerificationError: The package for pytorch located at /home/scur1700/.conda/pkgs/pytorch-2.1.0-py3.11_cuda11.8_cudnn8.7.0_0
appears to be corrupted. The path 'lib/python3.11/site-packages/torchgen/packaged/ATen/native/tags.yaml'
specified in the package manifest cannot be found.

CondaVerificationError: The package for pytorch located at /home/scur1700/.conda/pkgs/pytorch-2.1.0-py3.11_cuda11.8_cudnn8.7.0_0
appears to be corrupted. The path 'lib/python3.11/site-packages/torchgen/packaged/autograd/deprecated.yaml'
specified in the package manifest cannot be found.

CondaVerificationError: The package for pytorch located at /home/scur1700/.conda/pkgs/pytorch-2.1.0-py3.11_cuda11.8_cudnn8.7.0_0
appears to be corrupted. The path 'lib/python3.11/site-packages/torchgen/packaged/autograd/derivatives.yaml'
specified in the package manifest cannot be found.

ClobberError: This transaction has incompatible packages due to a shared path.
  packages: nvidia/linux-64::cuda-cupti-11.8.87-0, nvidia/linux-64::cuda-nvtx-11.8.86-0
  path: 'LICENSE'


ClobberError: This transaction has incompatible packages due to a shared path.
  packages: anaconda/linux-64::jpeg-9e-h5eee18b_1, pytorch/linux-64::libjpeg-turbo-2.0.0-h9bf148f_0
  path: 'bin/cjpeg'


ClobberError: This transaction has incompatible packages due to a shared path.
  packages: anaconda/linux-64::jpeg-9e-h5eee18b_1, pytorch/linux-64::libjpeg-turbo-2.0.0-h9bf148f_0
  path: 'bin/djpeg'


ClobberError: This transaction has incompatible packages due to a shared path.
  packages: anaconda/linux-64::jpeg-9e-h5eee18b_1, pytorch/linux-64::libjpeg-turbo-2.0.0-h9bf148f_0
  path: 'bin/jpegtran'


ClobberError: This transaction has incompatible packages due to a shared path.
  packages: anaconda/linux-64::jpeg-9e-h5eee18b_1, pytorch/linux-64::libjpeg-turbo-2.0.0-h9bf148f_0
  path: 'bin/rdjpgcom'


ClobberError: This transaction has incompatible packages due to a shared path.
  packages: anaconda/linux-64::jpeg-9e-h5eee18b_1, pytorch/linux-64::libjpeg-turbo-2.0.0-h9bf148f_0
  path: 'bin/wrjpgcom'


ClobberError: This transaction has incompatible packages due to a shared path.
  packages: anaconda/linux-64::jpeg-9e-h5eee18b_1, pytorch/linux-64::libjpeg-turbo-2.0.0-h9bf148f_0
  path: 'include/jconfig.h'


ClobberError: This transaction has incompatible packages due to a shared path.
  packages: anaconda/linux-64::jpeg-9e-h5eee18b_1, pytorch/linux-64::libjpeg-turbo-2.0.0-h9bf148f_0
  path: 'include/jerror.h'


ClobberError: This transaction has incompatible packages due to a shared path.
  packages: anaconda/linux-64::jpeg-9e-h5eee18b_1, pytorch/linux-64::libjpeg-turbo-2.0.0-h9bf148f_0
  path: 'include/jmorecfg.h'


ClobberError: This transaction has incompatible packages due to a shared path.
  packages: anaconda/linux-64::jpeg-9e-h5eee18b_1, pytorch/linux-64::libjpeg-turbo-2.0.0-h9bf148f_0
  path: 'include/jpeglib.h'


ClobberError: This transaction has incompatible packages due to a shared path.
  packages: anaconda/linux-64::jpeg-9e-h5eee18b_1, pytorch/linux-64::libjpeg-turbo-2.0.0-h9bf148f_0
  path: 'lib/libjpeg.a'


ClobberError: This transaction has incompatible packages due to a shared path.
  packages: anaconda/linux-64::jpeg-9e-h5eee18b_1, pytorch/linux-64::libjpeg-turbo-2.0.0-h9bf148f_0
  path: 'lib/libjpeg.so'


ClobberError: This transaction has incompatible packages due to a shared path.
  packages: anaconda/linux-64::jpeg-9e-h5eee18b_1, pytorch/linux-64::libjpeg-turbo-2.0.0-h9bf148f_0
  path: 'lib/pkgconfig/libjpeg.pc'


ClobberError: This transaction has incompatible packages due to a shared path.
  packages: anaconda/linux-64::jpeg-9e-h5eee18b_1, pytorch/linux-64::libjpeg-turbo-2.0.0-h9bf148f_0
  path: 'share/man/man1/cjpeg.1'


ClobberError: This transaction has incompatible packages due to a shared path.
  packages: anaconda/linux-64::jpeg-9e-h5eee18b_1, pytorch/linux-64::libjpeg-turbo-2.0.0-h9bf148f_0
  path: 'share/man/man1/djpeg.1'


ClobberError: This transaction has incompatible packages due to a shared path.
  packages: anaconda/linux-64::jpeg-9e-h5eee18b_1, pytorch/linux-64::libjpeg-turbo-2.0.0-h9bf148f_0
  path: 'share/man/man1/jpegtran.1'


ClobberError: This transaction has incompatible packages due to a shared path.
  packages: anaconda/linux-64::jpeg-9e-h5eee18b_1, pytorch/linux-64::libjpeg-turbo-2.0.0-h9bf148f_0
  path: 'share/man/man1/rdjpgcom.1'


ClobberError: This transaction has incompatible packages due to a shared path.
  packages: anaconda/linux-64::jpeg-9e-h5eee18b_1, pytorch/linux-64::libjpeg-turbo-2.0.0-h9bf148f_0
  path: 'share/man/man1/wrjpgcom.1'


ClobberError: This transaction has incompatible packages due to a shared path.
  packages: anaconda/linux-64::intel-openmp-2023.1.0-hdb19cb5_46305, anaconda/linux-64::llvm-openmp-14.0.6-h9e868ea_0
  path: 'lib/libiomp5.so'


ClobberError: This transaction has incompatible packages due to a shared path.
  packages: anaconda/linux-64::intel-openmp-2023.1.0-hdb19cb5_46305, anaconda/linux-64::llvm-openmp-14.0.6-h9e868ea_0
  path: 'lib/libomptarget.so'



